w:\github\nickgildea-fast_dual_contouring\demo\x64\release\vc143.pdb
w:\github\nickgildea-fast_dual_contouring\demo\x64\release\mesh.obj
w:\github\nickgildea-fast_dual_contouring\demo\x64\release\main.obj
w:\github\nickgildea-fast_dual_contouring\demo\x64\release\imgui_handlers.obj
w:\github\nickgildea-fast_dual_contouring\demo\x64\release\imgui_widgets.obj
w:\github\nickgildea-fast_dual_contouring\demo\x64\release\imgui_tables.obj
w:\github\nickgildea-fast_dual_contouring\demo\x64\release\imgui_draw.obj
w:\github\nickgildea-fast_dual_contouring\demo\x64\release\imgui_demo.obj
w:\github\nickgildea-fast_dual_contouring\demo\x64\release\imgui.obj
w:\github\nickgildea-fast_dual_contouring\demo\x64\release\glsl_program.obj
w:\github\nickgildea-fast_dual_contouring\demo\x64\release\ng_mesh_simplify.obj
w:\github\nickgildea-fast_dual_contouring\demo\x64\release\fast_dc.obj
w:\github\nickgildea-fast_dual_contouring\demo\x64\release\fast_dc.ipdb
w:\github\nickgildea-fast_dual_contouring\demo\x64\release\fast_dc.iobj
w:\github\nickgildea-fast_dual_contouring\demo\x64\release\fast_dc.exe
w:\github\nickgildea-fast_dual_contouring\demo\x64\release\fast_dc.pdb
w:\github\nickgildea-fast_dual_contouring\demo\x64\release\fast_dc.tlog\cl.command.1.tlog
w:\github\nickgildea-fast_dual_contouring\demo\x64\release\fast_dc.tlog\cl.read.1.tlog
w:\github\nickgildea-fast_dual_contouring\demo\x64\release\fast_dc.tlog\cl.write.1.tlog
w:\github\nickgildea-fast_dual_contouring\demo\x64\release\fast_dc.tlog\link.command.1.tlog
w:\github\nickgildea-fast_dual_contouring\demo\x64\release\fast_dc.tlog\link.read.1.tlog
w:\github\nickgildea-fast_dual_contouring\demo\x64\release\fast_dc.tlog\link.write.1.tlog
w:\github\nickgildea-fast_dual_contouring\demo\x64\release\fast_dc.tlog\link.write.2u.tlog
