w:\github\nickgildea-fast_dual_contouring\demo\x64\debug\vc143.pdb
w:\github\nickgildea-fast_dual_contouring\demo\x64\debug\vc143.idb
w:\github\nickgildea-fast_dual_contouring\demo\x64\debug\mesh.obj
w:\github\nickgildea-fast_dual_contouring\demo\x64\debug\main.obj
w:\github\nickgildea-fast_dual_contouring\demo\x64\debug\imgui_handlers.obj
w:\github\nickgildea-fast_dual_contouring\demo\x64\debug\imgui_widgets.obj
w:\github\nickgildea-fast_dual_contouring\demo\x64\debug\imgui_tables.obj
w:\github\nickgildea-fast_dual_contouring\demo\x64\debug\imgui_draw.obj
w:\github\nickgildea-fast_dual_contouring\demo\x64\debug\imgui_demo.obj
w:\github\nickgildea-fast_dual_contouring\demo\x64\debug\imgui.obj
w:\github\nickgildea-fast_dual_contouring\demo\x64\debug\glsl_program.obj
w:\github\nickgildea-fast_dual_contouring\demo\x64\debug\ng_mesh_simplify.obj
w:\github\nickgildea-fast_dual_contouring\demo\x64\debug\fast_dc.obj
w:\github\nickgildea-fast_dual_contouring\demo\x64\debug\fast_dc.pdb
w:\github\nickgildea-fast_dual_contouring\demo\x64\debug\fast_dc.tlog\cl.command.1.tlog
w:\github\nickgildea-fast_dual_contouring\demo\x64\debug\fast_dc.tlog\cl.read.1.tlog
w:\github\nickgildea-fast_dual_contouring\demo\x64\debug\fast_dc.tlog\cl.write.1.tlog
w:\github\nickgildea-fast_dual_contouring\demo\x64\debug\fast_dc.tlog\link.9252-cvtres.read.1.tlog
w:\github\nickgildea-fast_dual_contouring\demo\x64\debug\fast_dc.tlog\link.9252-cvtres.write.1.tlog
w:\github\nickgildea-fast_dual_contouring\demo\x64\debug\fast_dc.tlog\link.9252-rc.read.1.tlog
w:\github\nickgildea-fast_dual_contouring\demo\x64\debug\fast_dc.tlog\link.9252-rc.write.1.tlog
w:\github\nickgildea-fast_dual_contouring\demo\x64\debug\fast_dc.tlog\link.9252.read.1.tlog
w:\github\nickgildea-fast_dual_contouring\demo\x64\debug\fast_dc.tlog\link.9252.read.2.tlog
w:\github\nickgildea-fast_dual_contouring\demo\x64\debug\fast_dc.tlog\link.9252.write.1.tlog
w:\github\nickgildea-fast_dual_contouring\demo\x64\debug\fast_dc.tlog\link.command.1.tlog
w:\github\nickgildea-fast_dual_contouring\demo\x64\debug\fast_dc.tlog\link.read.1.tlog
w:\github\nickgildea-fast_dual_contouring\demo\x64\debug\fast_dc.tlog\link.write.1.tlog
